  DXRS.cpp
C:\Users\Zhenya\Documents\GraphicsProgramming\DXR-Sandbox\source\DXRSGraphics.h(74,1): warning C4267: 'argument': conversion from 'size_t' to 'UINT', possible loss of data
C:\Users\Zhenya\Documents\GraphicsProgramming\DXR-Sandbox\source\DXRSMesh.h(50,23): warning C4267: 'return': conversion from 'size_t' to 'UINT', possible loss of data
C:\Users\Zhenya\Documents\GraphicsProgramming\DXR-Sandbox\source\DXRSExampleScene.h(121,58): warning C4305: 'initializing': truncation from 'double' to 'float'
  DXRSExampleScene.cpp
C:\Users\Zhenya\Documents\GraphicsProgramming\DXR-Sandbox\source\DXRSGraphics.h(74,1): warning C4267: 'argument': conversion from 'size_t' to 'UINT', possible loss of data
C:\Users\Zhenya\Documents\GraphicsProgramming\DXR-Sandbox\source\DXRSMesh.h(50,23): warning C4267: 'return': conversion from 'size_t' to 'UINT', possible loss of data
C:\Users\Zhenya\Documents\GraphicsProgramming\DXR-Sandbox\source\DXRSExampleScene.h(121,58): warning C4305: 'initializing': truncation from 'double' to 'float'
C:\Users\Zhenya\Documents\GraphicsProgramming\DXR-Sandbox\source\DXRSExampleScene.cpp(42,188): warning C4305: 'argument': truncation from 'double' to 'float'
C:\Users\Zhenya\Documents\GraphicsProgramming\DXR-Sandbox\source\DXRSExampleScene.cpp(782,138): warning C4244: 'argument': conversion from 'LONG' to 'FLOAT', possible loss of data
C:\Users\Zhenya\Documents\GraphicsProgramming\DXR-Sandbox\source\DXRSExampleScene.cpp(782,96): warning C4244: 'argument': conversion from 'LONG' to 'FLOAT', possible loss of data
C:\Users\Zhenya\Documents\GraphicsProgramming\DXR-Sandbox\source\DXRSExampleScene.cpp(783,44): warning C4244: 'argument': conversion from 'float' to 'LONG', possible loss of data
C:\Users\Zhenya\Documents\GraphicsProgramming\DXR-Sandbox\source\DXRSExampleScene.cpp(783,38): warning C4244: 'argument': conversion from 'float' to 'LONG', possible loss of data
C:\Users\Zhenya\Documents\GraphicsProgramming\DXR-Sandbox\source\DXRSExampleScene.cpp(927,27): warning C4244: '=': conversion from 'float' to 'UINT', possible loss of data
C:\Users\Zhenya\Documents\GraphicsProgramming\DXR-Sandbox\source\DXRSExampleScene.cpp(928,28): warning C4244: '=': conversion from 'float' to 'UINT', possible loss of data
C:\Users\Zhenya\Documents\GraphicsProgramming\DXR-Sandbox\source\DXRSExampleScene.cpp(994,17): warning C4244: 'initializing': conversion from 'LONG' to 'float', possible loss of data
C:\Users\Zhenya\Documents\GraphicsProgramming\DXR-Sandbox\source\DXRSExampleScene.cpp(995,18): warning C4244: 'initializing': conversion from 'LONG' to 'float', possible loss of data
C:\Users\Zhenya\Documents\GraphicsProgramming\DXR-Sandbox\source\DXRSExampleScene.cpp(1077,33): warning C4244: '=': conversion from 'int' to 'float', possible loss of data
C:\Users\Zhenya\Documents\GraphicsProgramming\DXR-Sandbox\source\DXRSExampleScene.cpp(1078,33): warning C4244: '=': conversion from 'int' to 'float', possible loss of data
C:\Users\Zhenya\Documents\GraphicsProgramming\DXR-Sandbox\source\DXRSExampleScene.cpp(1097,17): warning C4244: 'initializing': conversion from 'LONG' to 'float', possible loss of data
C:\Users\Zhenya\Documents\GraphicsProgramming\DXR-Sandbox\source\DXRSExampleScene.cpp(1098,18): warning C4244: 'initializing': conversion from 'LONG' to 'float', possible loss of data
     Creating library C:\Users\Zhenya\Documents\GraphicsProgramming\DXR-Sandbox\\bin\x64\Release\DXR-Sandbox.lib and object C:\Users\Zhenya\Documents\GraphicsProgramming\DXR-Sandbox\\bin\x64\Release\DXR-Sandbox.exp
  Generating code
  9 of 3370 functions ( 0.3%) were compiled, the rest were copied from previous compilation.
    0 functions were new in current compilation
    16 functions had inline decision re-evaluated but remain unchanged
  Finished generating code
  DXR-Sandbox.vcxproj -> C:\Users\Zhenya\Documents\GraphicsProgramming\DXR-Sandbox\\bin\x64\Release\DXR-Sandbox.exe
