c:\users\zhenya\documents\graphicsprogramming\dxr-sandbox\bin\x64\release\vc142.pdb
c:\users\zhenya\documents\graphicsprogramming\dxr-sandbox\bin\x64\release\simplescene.obj
c:\users\zhenya\documents\graphicsprogramming\dxr-sandbox\bin\x64\release\dxrmodelmaterial.obj
c:\users\zhenya\documents\graphicsprogramming\dxr-sandbox\bin\x64\release\dxrmesh.obj
c:\users\zhenya\documents\graphicsprogramming\dxr-sandbox\bin\x64\release\dxr-sandbox.obj
c:\users\zhenya\documents\graphicsprogramming\dxr-sandbox\bin\x64\release\dxrmodel.obj
c:\users\zhenya\documents\graphicsprogramming\dxr-sandbox\bin\x64\release\directx12wrapper.obj
c:\users\zhenya\documents\graphicsprogramming\dxr-sandbox\bin\x64\release\dxrsexamplescene.obj
c:\users\zhenya\documents\graphicsprogramming\dxr-sandbox\bin\x64\release\dxrsmodelmaterial.obj
c:\users\zhenya\documents\graphicsprogramming\dxr-sandbox\bin\x64\release\dxrsmodel.obj
c:\users\zhenya\documents\graphicsprogramming\dxr-sandbox\bin\x64\release\dxrsgraphics.obj
c:\users\zhenya\documents\graphicsprogramming\dxr-sandbox\bin\x64\release\dxrs.obj
c:\users\zhenya\documents\graphicsprogramming\dxr-sandbox\bin\x64\release\dxr-sandbox.lib
c:\users\zhenya\documents\graphicsprogramming\dxr-sandbox\bin\x64\release\dxr-sandbox.exp
c:\users\zhenya\documents\graphicsprogramming\dxr-sandbox\bin\x64\release\dxr-sandbox.ipdb
c:\users\zhenya\documents\graphicsprogramming\dxr-sandbox\bin\x64\release\dxr-sandbox.iobj
c:\users\zhenya\documents\graphicsprogramming\dxr-sandbox\bin\x64\release\dxr-sandbox.exe
c:\users\zhenya\documents\graphicsprogramming\dxr-sandbox\bin\x64\release\dxr-sandbox.pdb
c:\users\zhenya\documents\graphicsprogramming\dxr-sandbox\bin\x64\release\dxr-sandbox.res
c:\users\zhenya\documents\graphicsprogramming\dxr-sandbox\\bin\x64\release\dxr-sandbox.pdb
c:\users\zhenya\documents\graphicsprogramming\dxr-sandbox\bin\x64\release\dxr-sandbox.tlog\cl.command.1.tlog
c:\users\zhenya\documents\graphicsprogramming\dxr-sandbox\bin\x64\release\dxr-sandbox.tlog\cl.read.1.tlog
c:\users\zhenya\documents\graphicsprogramming\dxr-sandbox\bin\x64\release\dxr-sandbox.tlog\cl.write.1.tlog
c:\users\zhenya\documents\graphicsprogramming\dxr-sandbox\bin\x64\release\dxr-sandbox.tlog\dxr-sandbox.write.1u.tlog
c:\users\zhenya\documents\graphicsprogramming\dxr-sandbox\bin\x64\release\dxr-sandbox.tlog\link.command.1.tlog
c:\users\zhenya\documents\graphicsprogramming\dxr-sandbox\bin\x64\release\dxr-sandbox.tlog\link.read.1.tlog
c:\users\zhenya\documents\graphicsprogramming\dxr-sandbox\bin\x64\release\dxr-sandbox.tlog\link.write.1.tlog
c:\users\zhenya\documents\graphicsprogramming\dxr-sandbox\bin\x64\release\dxr-sandbox.tlog\rc.command.1.tlog
c:\users\zhenya\documents\graphicsprogramming\dxr-sandbox\bin\x64\release\dxr-sandbox.tlog\rc.read.1.tlog
c:\users\zhenya\documents\graphicsprogramming\dxr-sandbox\bin\x64\release\dxr-sandbox.tlog\rc.write.1.tlog
